
Showing logs for build [32mcb-kubecd-environment-pr-206-29-sjdzk-1[0m stage [32mfrom-build-pack[0m and container [32mstep-credential-initializer-4sk5p[0m
{"level":"info","ts":1587530912.2514355,"logger":"fallback-logger","caller":"logging/config.go:69","msg":"Fetch GitHub commit ID from kodata failed: open /var/run/ko/refs/heads/0.8.0-ns-support: no such file or directory"}
{"level":"info","ts":1587530912.252416,"logger":"fallback-logger","caller":"creds-init/main.go:40","msg":"Credentials initialized."}

Showing logs for build [32mcb-kubecd-environment-pr-206-29-sjdzk-1[0m stage [32mfrom-build-pack[0m and container [32mstep-working-dir-initializer-r89hj[0m
{"level":"info","ts":1587530913.2109644,"logger":"fallback-logger","caller":"logging/config.go:69","msg":"Fetch GitHub commit ID from kodata failed: open /var/run/ko/HEAD: no such file or directory"}
{"level":"info","ts":1587530913.2129948,"logger":"fallback-logger","caller":"bash/main.go:64","msg":"Successfully executed command \"sh -c mkdir -p /workspace/source\"; output "}

Showing logs for build [32mcb-kubecd-environment-pr-206-29-sjdzk-1[0m stage [32mfrom-build-pack[0m and container [32mstep-place-tools[0m

Showing logs for build [32mcb-kubecd-environment-pr-206-29-sjdzk-1[0m stage [32mfrom-build-pack[0m and container [32mstep-git-source-cb-kubecd-environment-pr-206-29-sjdzk-nz7bk[0m
{"level":"info","ts":1587530945.2778795,"logger":"fallback-logger","caller":"logging/config.go:69","msg":"Fetch GitHub commit ID from kodata failed: open /var/run/ko/refs/heads/0.8.0-ns-support: no such file or directory"}
{"level":"info","ts":1587530946.3954773,"logger":"fallback-logger","caller":"git/git.go:103","msg":"Successfully cloned https://github.com/cb-kubecd/environment-pr-206-29-boot-gke-staging.git @ master in path /workspace/source"}

Showing logs for build [32mcb-kubecd-environment-pr-206-29-sjdzk-1[0m stage [32mfrom-build-pack[0m and container [32mstep-git-merge[0m
Using SHAs from PULL_REFS=master:46a1db431f4059d72d30832822b99860d20be96e,2:244ec3eb23f1486f6977c0bc87d628b08e099eb1
DEBUG: LC_ALL=C JX_LOG_LEVEL=error git fetch origin --unshallow 244ec3eb23f1486f6977c0bc87d628b08e099eb1: 46a1db431f4059d72d30832822b99860d20be96e:
DEBUG: ran git fetch --unshallow origin 244ec3eb23f1486f6977c0bc87d628b08e099eb1: 46a1db431f4059d72d30832822b99860d20be96e: in 
DEBUG: LC_ALL=C JX_LOG_LEVEL=error git branch
DEBUG: LC_ALL=C JX_LOG_LEVEL=error git checkout master
DEBUG: ran git checkout master in 
DEBUG: LC_ALL=C JX_LOG_LEVEL=error git reset --hard 46a1db431f4059d72d30832822b99860d20be96e
DEBUG: ran git reset --hard 46a1db431f4059d72d30832822b99860d20be96e in 
DEBUG: LC_ALL=C JX_LOG_LEVEL=error git clean -fd .
DEBUG: ran clean --force -d . in 
DEBUG: LC_ALL=C JX_LOG_LEVEL=error git merge 244ec3eb23f1486f6977c0bc87d628b08e099eb1
DEBUG: ran git merge 244ec3eb23f1486f6977c0bc87d628b08e099eb1 in 
DEBUG: LC_ALL=C JX_LOG_LEVEL=error git log --format=%H%x1f%an%x1f%ae%x1f%cn%x1f%ce%x1f%s%n%b%x1e 46a1db431f4059d72d30832822b99860d20be96e..HEAD
Merged SHA 244ec3eb23f1486f6977c0bc87d628b08e099eb1 with commit message 'chore: Promote bdd-gh-1587530619 to version 0.0.1' into base branch master

Showing logs for build [32mcb-kubecd-environment-pr-206-29-sjdzk-1[0m stage [32mfrom-build-pack[0m and container [32mstep-build-helm-build[0m
WARNING: No $CHART_REPOSITORY defined so using the default value of: http://jenkins-x-chartmuseum:8080
Adding missing Helm repo: storage.googleapis.com https://storage.googleapis.com/chartmuseum.jenkins-x.io
WARNING: No secrets found on "helm/repos" due: reading the secret "helm/repos" from vault: no secret "helm/repos" not found in vault
Read credentials for https://storage.googleapis.com/chartmuseum.jenkins-x.io from vault helm/repos
Successfully added Helm repository storage.googleapis.com.
Adding missing Helm repo: jenkins-x-chartmuseum http://jenkins-x-chartmuseum:8080
WARNING: No secrets found on "helm/repos" due: reading the secret "helm/repos" from vault: no secret "helm/repos" not found in vault
Read credentials for http://jenkins-x-chartmuseum:8080 from vault helm/repos
Successfully added Helm repository jenkins-x-chartmuseum.
WARNING: No $CHART_REPOSITORY defined so using the default value of: http://jenkins-x-chartmuseum:8080
Adding missing Helm repo: chartmuseum.jenkins-x.io http://chartmuseum.jenkins-x.io
WARNING: No secrets found on "helm/repos" due: reading the secret "helm/repos" from vault: no secret "helm/repos" not found in vault
Read credentials for http://chartmuseum.jenkins-x.io from vault helm/repos
Successfully added Helm repository chartmuseum.jenkins-x.io.
