
Showing logs for build [32mcb-kubecd-environment-pr-206-29-9xrzh-1[0m stage [32mfrom-build-pack[0m and container [32mstep-credential-initializer-pvbzx[0m
{"level":"info","ts":1587533035.1302595,"logger":"fallback-logger","caller":"logging/config.go:69","msg":"Fetch GitHub commit ID from kodata failed: open /var/run/ko/refs/heads/0.8.0-ns-support: no such file or directory"}
{"level":"info","ts":1587533035.1316316,"logger":"fallback-logger","caller":"creds-init/main.go:40","msg":"Credentials initialized."}

Showing logs for build [32mcb-kubecd-environment-pr-206-29-9xrzh-1[0m stage [32mfrom-build-pack[0m and container [32mstep-working-dir-initializer-bg9z7[0m
{"level":"info","ts":1587533035.5261676,"logger":"fallback-logger","caller":"logging/config.go:69","msg":"Fetch GitHub commit ID from kodata failed: open /var/run/ko/HEAD: no such file or directory"}
{"level":"info","ts":1587533035.5477226,"logger":"fallback-logger","caller":"bash/main.go:64","msg":"Successfully executed command \"sh -c mkdir -p /workspace/source\"; output "}

Showing logs for build [32mcb-kubecd-environment-pr-206-29-9xrzh-1[0m stage [32mfrom-build-pack[0m and container [32mstep-place-tools[0m

Showing logs for build [32mcb-kubecd-environment-pr-206-29-9xrzh-1[0m stage [32mfrom-build-pack[0m and container [32mstep-git-source-cb-kubecd-environment-pr-206-29-9xrzh-4d84b[0m
{"level":"info","ts":1587533038.656051,"logger":"fallback-logger","caller":"logging/config.go:69","msg":"Fetch GitHub commit ID from kodata failed: open /var/run/ko/refs/heads/0.8.0-ns-support: no such file or directory"}
{"level":"info","ts":1587533039.7080243,"logger":"fallback-logger","caller":"git/git.go:103","msg":"Successfully cloned https://github.com/cb-kubecd/environment-pr-206-29-boot-gke-staging.git @ master in path /workspace/source"}

Showing logs for build [32mcb-kubecd-environment-pr-206-29-9xrzh-1[0m stage [32mfrom-build-pack[0m and container [32mstep-git-merge[0m
Using SHAs from PULL_REFS=master:65df661fffd1274ebbd0d0dd063f673496778581,5:35a0aff9de4e3c8f066138b73200e9b17523cac7
DEBUG: LC_ALL=C JX_LOG_LEVEL=error git fetch origin --unshallow 35a0aff9de4e3c8f066138b73200e9b17523cac7: 65df661fffd1274ebbd0d0dd063f673496778581:
DEBUG: ran git fetch --unshallow origin 35a0aff9de4e3c8f066138b73200e9b17523cac7: 65df661fffd1274ebbd0d0dd063f673496778581: in 
DEBUG: LC_ALL=C JX_LOG_LEVEL=error git branch
DEBUG: JX_LOG_LEVEL=error LC_ALL=C git checkout master
DEBUG: ran git checkout master in 
DEBUG: LC_ALL=C JX_LOG_LEVEL=error git reset --hard 65df661fffd1274ebbd0d0dd063f673496778581
DEBUG: ran git reset --hard 65df661fffd1274ebbd0d0dd063f673496778581 in 
DEBUG: LC_ALL=C JX_LOG_LEVEL=error git clean -fd .
DEBUG: ran clean --force -d . in 
DEBUG: LC_ALL=C JX_LOG_LEVEL=error git merge 35a0aff9de4e3c8f066138b73200e9b17523cac7
DEBUG: ran git merge 35a0aff9de4e3c8f066138b73200e9b17523cac7 in 
DEBUG: LC_ALL=C JX_LOG_LEVEL=error git log --format=%H%x1f%an%x1f%ae%x1f%cn%x1f%ce%x1f%s%n%b%x1e 65df661fffd1274ebbd0d0dd063f673496778581..HEAD
Merged SHA 35a0aff9de4e3c8f066138b73200e9b17523cac7 with commit message 'chore: Promote bdd-nh-import-1587532880 to version 0.0.1' into base branch master

Showing logs for build [32mcb-kubecd-environment-pr-206-29-9xrzh-1[0m stage [32mfrom-build-pack[0m and container [32mstep-build-helm-build[0m
WARNING: No $CHART_REPOSITORY defined so using the default value of: http://jenkins-x-chartmuseum:8080
Adding missing Helm repo: storage.googleapis.com https://storage.googleapis.com/chartmuseum.jenkins-x.io
WARNING: No secrets found on "helm/repos" due: reading the secret "helm/repos" from vault: no secret "helm/repos" not found in vault
Read credentials for https://storage.googleapis.com/chartmuseum.jenkins-x.io from vault helm/repos
Successfully added Helm repository storage.googleapis.com.
Adding missing Helm repo: jenkins-x-chartmuseum http://jenkins-x-chartmuseum:8080
WARNING: No secrets found on "helm/repos" due: reading the secret "helm/repos" from vault: no secret "helm/repos" not found in vault
Read credentials for http://jenkins-x-chartmuseum:8080 from vault helm/repos
Successfully added Helm repository jenkins-x-chartmuseum.
WARNING: No $CHART_REPOSITORY defined so using the default value of: http://jenkins-x-chartmuseum:8080
Adding missing Helm repo: chartmuseum.jenkins-x.io http://chartmuseum.jenkins-x.io
WARNING: No secrets found on "helm/repos" due: reading the secret "helm/repos" from vault: no secret "helm/repos" not found in vault
Read credentials for http://chartmuseum.jenkins-x.io from vault helm/repos
Successfully added Helm repository chartmuseum.jenkins-x.io.
