
Showing logs for build [32mcb-kubecd-environment-pr-206-29-c5s28-1[0m stage [32mfrom-build-pack[0m and container [32mstep-credential-initializer-lndrb[0m
{"level":"info","ts":1587531681.4235687,"logger":"fallback-logger","caller":"logging/config.go:69","msg":"Fetch GitHub commit ID from kodata failed: open /var/run/ko/refs/heads/0.8.0-ns-support: no such file or directory"}
{"level":"info","ts":1587531681.443779,"logger":"fallback-logger","caller":"creds-init/main.go:40","msg":"Credentials initialized."}

Showing logs for build [32mcb-kubecd-environment-pr-206-29-c5s28-1[0m stage [32mfrom-build-pack[0m and container [32mstep-working-dir-initializer-k2vhw[0m
{"level":"info","ts":1587531682.446935,"logger":"fallback-logger","caller":"logging/config.go:69","msg":"Fetch GitHub commit ID from kodata failed: open /var/run/ko/HEAD: no such file or directory"}
{"level":"info","ts":1587531682.4481287,"logger":"fallback-logger","caller":"bash/main.go:64","msg":"Successfully executed command \"sh -c mkdir -p /workspace/source\"; output "}

Showing logs for build [32mcb-kubecd-environment-pr-206-29-c5s28-1[0m stage [32mfrom-build-pack[0m and container [32mstep-place-tools[0m

Showing logs for build [32mcb-kubecd-environment-pr-206-29-c5s28-1[0m stage [32mfrom-build-pack[0m and container [32mstep-git-source-cb-kubecd-environment-pr-206-29-c5s28-zb2sx[0m
{"level":"info","ts":1587531687.5794647,"logger":"fallback-logger","caller":"logging/config.go:69","msg":"Fetch GitHub commit ID from kodata failed: open /var/run/ko/refs/heads/0.8.0-ns-support: no such file or directory"}
{"level":"info","ts":1587531688.6580083,"logger":"fallback-logger","caller":"git/git.go:103","msg":"Successfully cloned https://github.com/cb-kubecd/environment-pr-206-29-boot-gke-staging.git @ master in path /workspace/source"}

Showing logs for build [32mcb-kubecd-environment-pr-206-29-c5s28-1[0m stage [32mfrom-build-pack[0m and container [32mstep-git-merge[0m
Using SHAs from PULL_REFS=master:0bd1f3aea10ede1a2d0771a200c0382019288c3d,3:5d1ad61cd53028ea6e81ab931533b63be1b25893
DEBUG: LC_ALL=C JX_LOG_LEVEL=error git fetch origin --unshallow 5d1ad61cd53028ea6e81ab931533b63be1b25893: 0bd1f3aea10ede1a2d0771a200c0382019288c3d:
DEBUG: ran git fetch --unshallow origin 5d1ad61cd53028ea6e81ab931533b63be1b25893: 0bd1f3aea10ede1a2d0771a200c0382019288c3d: in 
DEBUG: LC_ALL=C JX_LOG_LEVEL=error git branch
DEBUG: LC_ALL=C JX_LOG_LEVEL=error git checkout master
DEBUG: ran git checkout master in 
DEBUG: LC_ALL=C JX_LOG_LEVEL=error git reset --hard 0bd1f3aea10ede1a2d0771a200c0382019288c3d
DEBUG: ran git reset --hard 0bd1f3aea10ede1a2d0771a200c0382019288c3d in 
DEBUG: LC_ALL=C JX_LOG_LEVEL=error git clean -fd .
DEBUG: ran clean --force -d . in 
DEBUG: JX_LOG_LEVEL=error LC_ALL=C git merge 5d1ad61cd53028ea6e81ab931533b63be1b25893
DEBUG: ran git merge 5d1ad61cd53028ea6e81ab931533b63be1b25893 in 
DEBUG: LC_ALL=C JX_LOG_LEVEL=error git log --format=%H%x1f%an%x1f%ae%x1f%cn%x1f%ce%x1f%s%n%b%x1e 0bd1f3aea10ede1a2d0771a200c0382019288c3d..HEAD
Merged SHA 5d1ad61cd53028ea6e81ab931533b63be1b25893 with commit message 'chore: Promote bdd-sbhg-1587530619 to version 0.0.1' into base branch master

Showing logs for build [32mcb-kubecd-environment-pr-206-29-c5s28-1[0m stage [32mfrom-build-pack[0m and container [32mstep-build-helm-build[0m
WARNING: No $CHART_REPOSITORY defined so using the default value of: http://jenkins-x-chartmuseum:8080
Adding missing Helm repo: storage.googleapis.com https://storage.googleapis.com/chartmuseum.jenkins-x.io
WARNING: No secrets found on "helm/repos" due: reading the secret "helm/repos" from vault: no secret "helm/repos" not found in vault
Read credentials for https://storage.googleapis.com/chartmuseum.jenkins-x.io from vault helm/repos
Successfully added Helm repository storage.googleapis.com.
Adding missing Helm repo: jenkins-x-chartmuseum http://jenkins-x-chartmuseum:8080
WARNING: No secrets found on "helm/repos" due: reading the secret "helm/repos" from vault: no secret "helm/repos" not found in vault
Read credentials for http://jenkins-x-chartmuseum:8080 from vault helm/repos
Successfully added Helm repository jenkins-x-chartmuseum.
WARNING: No $CHART_REPOSITORY defined so using the default value of: http://jenkins-x-chartmuseum:8080
Adding missing Helm repo: chartmuseum.jenkins-x.io http://chartmuseum.jenkins-x.io
WARNING: No secrets found on "helm/repos" due: reading the secret "helm/repos" from vault: no secret "helm/repos" not found in vault
Read credentials for http://chartmuseum.jenkins-x.io from vault helm/repos
Successfully added Helm repository chartmuseum.jenkins-x.io.
